<?xml version="1.0" encoding="UTF-8"?>
<!-- Generated by org.testng.reporters.JUnitReportReporter -->
<testsuite hostname="Shahnawaz" failures="0" tests="11" name="AdvanceSalenium.TestNGandEnabled" time="69.366" errors="0" timestamp="2024-10-03T09:24:59 IST" skipped="1">
  <testcase classname="AdvanceSalenium.TestNGandEnabled" name="crickbuzz" time="3.326"/>
  <system-out>
    <![CDATA[crickbuss got executed]]>
  </system-out>
  <testcase classname="AdvanceSalenium.TestNGandEnabled" name="crickbuzz" time="4.876"/>
  <system-out>
    <![CDATA[crickbuss got executed]]>
  </system-out>
  <testcase classname="AdvanceSalenium.TestNGandEnabled" name="crickbuzz" time="4.155"/>
  <system-out>
    <![CDATA[crickbuss got executed]]>
  </system-out>
  <testcase classname="AdvanceSalenium.TestNGandEnabled" name="crickbuzz" time="3.746"/>
  <system-out>
    <![CDATA[crickbuss got executed]]>
  </system-out>
  <testcase classname="AdvanceSalenium.TestNGandEnabled" name="crickbuzz" time="4.149"/>
  <system-out>
    <![CDATA[crickbuss got executed]]>
  </system-out>
  <testcase classname="AdvanceSalenium.TestNGandEnabled" name="crickbuzz" time="34.493"/>
  <system-out>
    <![CDATA[crickbuss got executed]]>
  </system-out>
  <testcase classname="AdvanceSalenium.TestNGandEnabled" name="baskinrobbin" time="3.527"/>
  <system-out>
    <![CDATA[baskin robbin got executed]]>
  </system-out>
  <testcase classname="AdvanceSalenium.TestNGandEnabled" name="baskinrobbin" time="3.356"/>
  <system-out>
    <![CDATA[baskin robbin got executed]]>
  </system-out>
  <testcase classname="AdvanceSalenium.TestNGandEnabled" name="baskinrobbin" time="4.211"/>
  <system-out>
    <![CDATA[baskin robbin got executed]]>
  </system-out>
  <testcase classname="AdvanceSalenium.TestNGandEnabled" name="baskinrobbin" time="3.527"/>
  <system-out>
    <![CDATA[baskin robbin got executed]]>
  </system-out>
  <testcase classname="AdvanceSalenium.TestNGandEnabled" name="amazon">
    <skipped/>
  </testcase> <!-- amazon -->
  <system-out/>
</testsuite> <!-- AdvanceSalenium.TestNGandEnabled -->
