<?xml version="1.0" encoding="UTF-8"?>
<!-- Generated by org.testng.reporters.JUnitReportReporter -->
<testsuite hostname="Shahnawaz" failures="0" tests="1" name="EscrowstackPrivateLimitedProject.AddProductInAmazon" time="4.400" errors="0" timestamp="2024-10-03T22:16:15 IST" skipped="0">
  <testcase classname="EscrowstackPrivateLimitedProject.AddProductInAmazon" name="testAmazonLogin" time="4.400"/>
  <system-out>
    <![CDATA[Email validated successfully.
Password validated successfully.]]>
  </system-out>
</testsuite> <!-- EscrowstackPrivateLimitedProject.AddProductInAmazon -->
