<?xml version="1.0" encoding="UTF-8"?>
<!-- Generated by org.testng.reporters.JUnitReportReporter -->
<testsuite hostname="Shahnawaz" failures="0" tests="13" name="AdvanceSalenium.TestNGandTHreadpoolsize" time="50.287" errors="0" timestamp="2024-10-03T09:09:41 IST" skipped="0">
  <testcase classname="AdvanceSalenium.TestNGandTHreadpoolsize" name="crickbuzz" time="5.549"/>
  <system-out>
    <![CDATA[crickbuss got executed]]>
  </system-out>
  <testcase classname="AdvanceSalenium.TestNGandTHreadpoolsize" name="crickbuzz" time="3.242"/>
  <system-out>
    <![CDATA[crickbuss got executed]]>
  </system-out>
  <testcase classname="AdvanceSalenium.TestNGandTHreadpoolsize" name="crickbuzz" time="4.330"/>
  <system-out>
    <![CDATA[crickbuss got executed]]>
  </system-out>
  <testcase classname="AdvanceSalenium.TestNGandTHreadpoolsize" name="crickbuzz" time="3.469"/>
  <system-out>
    <![CDATA[crickbuss got executed]]>
  </system-out>
  <testcase classname="AdvanceSalenium.TestNGandTHreadpoolsize" name="crickbuzz" time="3.784"/>
  <system-out>
    <![CDATA[crickbuss got executed]]>
  </system-out>
  <testcase classname="AdvanceSalenium.TestNGandTHreadpoolsize" name="crickbuzz" time="3.165"/>
  <system-out>
    <![CDATA[crickbuss got executed]]>
  </system-out>
  <testcase classname="AdvanceSalenium.TestNGandTHreadpoolsize" name="baskinrobbin" time="3.655"/>
  <system-out>
    <![CDATA[baskin robbin got executed]]>
  </system-out>
  <testcase classname="AdvanceSalenium.TestNGandTHreadpoolsize" name="baskinrobbin" time="7.084"/>
  <system-out>
    <![CDATA[baskin robbin got executed]]>
  </system-out>
  <testcase classname="AdvanceSalenium.TestNGandTHreadpoolsize" name="baskinrobbin" time="3.849"/>
  <system-out>
    <![CDATA[baskin robbin got executed]]>
  </system-out>
  <testcase classname="AdvanceSalenium.TestNGandTHreadpoolsize" name="baskinrobbin" time="3.693"/>
  <system-out>
    <![CDATA[baskin robbin got executed]]>
  </system-out>
  <testcase classname="AdvanceSalenium.TestNGandTHreadpoolsize" name="amazon" time="3.481"/>
  <system-out>
    <![CDATA[amazon got executed]]>
  </system-out>
  <testcase classname="AdvanceSalenium.TestNGandTHreadpoolsize" name="amazon" time="2.614"/>
  <system-out>
    <![CDATA[amazon got executed]]>
  </system-out>
  <testcase classname="AdvanceSalenium.TestNGandTHreadpoolsize" name="amazon" time="2.372"/>
  <system-out>
    <![CDATA[amazon got executed]]>
  </system-out>
</testsuite> <!-- AdvanceSalenium.TestNGandTHreadpoolsize -->
