<?xml version="1.0" encoding="UTF-8"?>
<!-- Generated by org.testng.reporters.JUnitReportReporter -->
<testsuite hostname="Shahnawaz" failures="0" tests="1" name="BatchExecutionOfbikes.splendor" time="5.533" errors="0" timestamp="2024-10-06T08:08:50 IST" skipped="0">
  <testcase classname="BatchExecutionOfbikes.splendor" name="splendors" time="5.533"/>
  <system-out>
    <![CDATA[splendor got executed]]>
  </system-out>
</testsuite> <!-- BatchExecutionOfbikes.splendor -->
