<?xml version="1.0" encoding="UTF-8"?>
<!-- Generated by org.testng.reporters.JUnitReportReporter -->
<testsuite hostname="Shahnawaz" failures="0" tests="3" name="Dataprovider.dataproviderlogin" time="7.863" errors="0" timestamp="2024-10-07T08:52:58 IST" skipped="0">
  <testcase classname="Dataprovider.dataproviderlogin" name="insertdata" time="4.016"/>
  <system-out/>
  <testcase classname="Dataprovider.dataproviderlogin" name="insertdata" time="1.906"/>
  <system-out/>
  <testcase classname="Dataprovider.dataproviderlogin" name="insertdata" time="1.941"/>
  <system-out/>
</testsuite> <!-- Dataprovider.dataproviderlogin -->
