<?xml version="1.0" encoding="UTF-8"?>
<!-- Generated by org.testng.reporters.JUnitReportReporter -->
<testsuite hostname="Shahnawaz" failures="0" tests="1" name="DemoWebShopAssignment.Toaddabook" time="5.155" errors="0" timestamp="2024-10-07T09:19:14 IST" skipped="0">
  <testcase classname="DemoWebShopAssignment.Toaddabook" name="tobook" time="5.155"/>
  <system-out>
    <![CDATA[Book section got opened]]>
  </system-out>
</testsuite> <!-- DemoWebShopAssignment.Toaddabook -->
