<?xml version="1.0" encoding="UTF-8"?>
<!-- Generated by org.testng.reporters.JUnitReportReporter -->
<testsuite hostname="Shahnawaz" failures="0" tests="3" name="AdvanceSalenium.TestNGandPriority" time="31.513" errors="0" timestamp="2024-10-03T08:48:11 IST" skipped="0">
  <testcase classname="AdvanceSalenium.TestNGandPriority" name="crickbuzz" time="6.013"/>
  <system-out>
    <![CDATA[crickbuss got executed]]>
  </system-out>
  <testcase classname="AdvanceSalenium.TestNGandPriority" name="amazon" time="9.897"/>
  <system-out>
    <![CDATA[amazon got executed]]>
  </system-out>
  <testcase classname="AdvanceSalenium.TestNGandPriority" name="baskinrobbin" time="15.603"/>
  <system-out>
    <![CDATA[baskin robbin got executed]]>
  </system-out>
</testsuite> <!-- AdvanceSalenium.TestNGandPriority -->
