<?xml version="1.0" encoding="UTF-8"?>
<!-- Generated by org.testng.reporters.JUnitReportReporter -->
<testsuite hostname="Shahnawaz" failures="0" tests="1" name="BatchExecutionOfbikes.ducati" time="5.581" errors="0" timestamp="2024-10-06T08:08:50 IST" skipped="0">
  <testcase classname="BatchExecutionOfbikes.ducati" name="ducatis" time="5.581"/>
  <system-out>
    <![CDATA[ducati got executed]]>
  </system-out>
</testsuite> <!-- BatchExecutionOfbikes.ducati -->
