<?xml version="1.0" encoding="UTF-8"?>
<!-- Generated by org.testng.reporters.JUnitReportReporter -->
<testsuite hostname="Shahnawaz" failures="0" tests="12" name="AdvanceSalenium.TestNGandInvocationcount" time="53.634" errors="0" timestamp="2024-10-03T09:02:10 IST" skipped="0">
  <testcase classname="AdvanceSalenium.TestNGandInvocationcount" name="crickbuzz" time="4.095"/>
  <system-out>
    <![CDATA[crickbuss got executed]]>
  </system-out>
  <testcase classname="AdvanceSalenium.TestNGandInvocationcount" name="crickbuzz" time="6.968"/>
  <system-out>
    <![CDATA[crickbuss got executed]]>
  </system-out>
  <testcase classname="AdvanceSalenium.TestNGandInvocationcount" name="crickbuzz" time="3.851"/>
  <system-out>
    <![CDATA[crickbuss got executed]]>
  </system-out>
  <testcase classname="AdvanceSalenium.TestNGandInvocationcount" name="crickbuzz" time="9.122"/>
  <system-out>
    <![CDATA[crickbuss got executed]]>
  </system-out>
  <testcase classname="AdvanceSalenium.TestNGandInvocationcount" name="crickbuzz" time="7.335"/>
  <system-out>
    <![CDATA[crickbuss got executed]]>
  </system-out>
  <testcase classname="AdvanceSalenium.TestNGandInvocationcount" name="baskinrobbin" time="3.061"/>
  <system-out>
    <![CDATA[baskin robbin got executed]]>
  </system-out>
  <testcase classname="AdvanceSalenium.TestNGandInvocationcount" name="baskinrobbin" time="3.274"/>
  <system-out>
    <![CDATA[baskin robbin got executed]]>
  </system-out>
  <testcase classname="AdvanceSalenium.TestNGandInvocationcount" name="baskinrobbin" time="3.278"/>
  <system-out>
    <![CDATA[baskin robbin got executed]]>
  </system-out>
  <testcase classname="AdvanceSalenium.TestNGandInvocationcount" name="baskinrobbin" time="3.147"/>
  <system-out>
    <![CDATA[baskin robbin got executed]]>
  </system-out>
  <testcase classname="AdvanceSalenium.TestNGandInvocationcount" name="amazon" time="2.566"/>
  <system-out>
    <![CDATA[amazon got executed]]>
  </system-out>
  <testcase classname="AdvanceSalenium.TestNGandInvocationcount" name="amazon" time="2.339"/>
  <system-out>
    <![CDATA[amazon got executed]]>
  </system-out>
  <testcase classname="AdvanceSalenium.TestNGandInvocationcount" name="amazon" time="4.598"/>
  <system-out>
    <![CDATA[amazon got executed]]>
  </system-out>
</testsuite> <!-- AdvanceSalenium.TestNGandInvocationcount -->
