<?xml version="1.0" encoding="UTF-8"?>
<!-- Generated by org.testng.reporters.JUnitReportReporter -->
<testsuite hostname="Shahnawaz" failures="0" tests="1" name="BatchExecutionOfbikes.bmv" time="4.991" errors="0" timestamp="2024-10-06T08:08:50 IST" skipped="0">
  <testcase classname="BatchExecutionOfbikes.bmv" name="bmws" time="4.991"/>
  <system-out>
    <![CDATA[bmw got executed]]>
  </system-out>
</testsuite> <!-- BatchExecutionOfbikes.bmv -->
