<?xml version="1.0" encoding="UTF-8"?>
<!-- Generated by org.testng.reporters.JUnitReportReporter -->
<testsuite hostname="Shahnawaz" failures="0" tests="1" name="AdvanceSalenium.ToLearnConfiguratin" time="0.005" errors="0" timestamp="2024-10-05T09:04:21 IST" skipped="0">
  <testcase classname="AdvanceSalenium.ToLearnConfiguratin" name="test" time="0.005"/>
  <system-out>
    <![CDATA[test got executed]]>
  </system-out>
</testsuite> <!-- AdvanceSalenium.ToLearnConfiguratin -->
